<?xml version="1.0" encoding="utf-8"?><testsuites name="pytest tests"><testsuite name="pytest" errors="0" failures="0" skipped="0" tests="25" time="3.172" timestamp="2026-07-16T02:06:25.538820+00:00" hostname="agent-env-b14add08-be05-45bc-8c55-07a627dd6796"><testcase classname="tests.backend_test" name="test_health" time="0.183" /><testcase classname="tests.backend_test" name="test_public_settings" time="0.049" /><testcase classname="tests.backend_test" name="test_testimonials_endpoint" time="0.047" /><testcase classname="tests.backend_test" name="test_portfolio_empty" time="0.044" /><testcase classname="tests.backend_test" name="test_portfolio_tag_filter" time="0.047" /><testcase classname="tests.backend_test" name="test_create_request_success" time="0.048" /><testcase classname="tests.backend_test" name="test_create_request_short_description" time="0.047" /><testcase classname="tests.backend_test" name="test_create_request_invalid_ref_file" time="0.045" /><testcase classname="tests.backend_test" name="test_upload_unsupported_type" time="0.049" /><testcase classname="tests.backend_test" name="test_upload_and_download" time="0.446" /><testcase classname="tests.backend_test" name="test_download_missing_file" time="0.050" /><testcase classname="tests.backend_test" name="test_admin_login_wrong_password" time="0.043" /><testcase classname="tests.backend_test" name="test_admin_login_success_and_me" time="0.119" /><testcase classname="tests.backend_test" name="test_me_no_token" time="0.045" /><testcase classname="tests.backend_test" name="test_admin_requires_auth[/admin/requests]" time="0.047" /><testcase classname="tests.backend_test" name="test_admin_requires_auth[/admin/orders]" time="0.045" /><testcase classname="tests.backend_test" name="test_admin_requires_auth[/admin/dashboard/summary]" time="0.046" /><testcase classname="tests.backend_test" name="test_admin_requires_auth[/admin/settings]" time="0.043" /><testcase classname="tests.backend_test" name="test_admin_list_requests" time="0.082" /><testcase classname="tests.backend_test" name="test_admin_accept_request_creates_order" time="0.197" /><testcase classname="tests.backend_test" name="test_admin_cannot_accept_declined" time="0.145" /><testcase classname="tests.backend_test" name="test_admin_decline_with_reason" time="0.143" /><testcase classname="tests.backend_test" name="test_admin_order_status_transitions" time="0.293" /><testcase classname="tests.backend_test" name="test_admin_dashboard_summary" time="0.049" /><testcase classname="tests.backend_test" name="test_admin_settings_get_and_patch" time="0.272" /></testsuite></testsuites>