<?xml version="1.0" encoding="utf-8"?><testsuites name="pytest tests"><testsuite name="pytest" errors="0" failures="1" skipped="0" tests="44" time="19.992" timestamp="2026-07-16T03:12:21.698482+00:00" hostname="agent-env-b14add08-be05-45bc-8c55-07a627dd6796"><testcase classname="tests.test_iteration3.TestPortalAuth" name="test_login_devtest_no_prior_request" time="0.231" /><testcase classname="tests.backend_test" name="test_health" time="0.247" /><testcase classname="tests.test_iteration3.TestPortalAuth" name="test_login_no_password_unknown_email" time="0.060" /><testcase classname="tests.backend_test" name="test_public_settings" time="0.088" /><testcase classname="tests.test_iteration3.TestPortalAuth" name="test_login_wrong_password_falls_through" time="0.050" /><testcase classname="tests.backend_test" name="test_testimonials_endpoint" time="0.087" /><testcase classname="tests.test_iteration3.TestPortalAuth" name="test_magic_link_flow_with_prior_request" time="0.212" /><testcase classname="tests.backend_test" name="test_portfolio_empty" time="0.053" /><testcase classname="tests.backend_test" name="test_portfolio_tag_filter" time="0.049" /><testcase classname="tests.backend_test" name="test_create_request_success" time="0.048" /><testcase classname="tests.backend_test" name="test_create_request_short_description" time="0.047" /><testcase classname="tests.test_iteration3.TestPortalAuth" name="test_portal_me_requires_client_token" time="0.206" /><testcase classname="tests.backend_test" name="test_create_request_invalid_ref_file" time="0.092" /><testcase classname="tests.backend_test" name="test_upload_unsupported_type" time="0.051" /><testcase classname="tests.test_iteration3.TestPortalAuth" name="test_portal_me_with_client_token" time="0.307" /><testcase classname="tests.backend_test" name="test_upload_and_download" time="0.595" /><testcase classname="tests.test_iteration3.TestAutomation" name="test_get_automation" time="0.055" /><testcase classname="tests.test_iteration3.TestAutomation" name="test_patch_automation_valid" time="0.200" /><testcase classname="tests.test_iteration3.TestAutomation" name="test_patch_automation_out_of_range" time="0.140" /><testcase classname="tests.backend_test" name="test_download_missing_file" time="0.047" /><testcase classname="tests.backend_test" name="test_admin_login_wrong_password" time="0.048" /><testcase classname="tests.test_iteration3.TestAutomation" name="test_mockups_seed" time="0.051" /><testcase classname="tests.test_iteration3.TestPortalOrders" name="test_portal_orders_scoped_to_email" time="0.254" /><testcase classname="tests.backend_test" name="test_admin_login_success_and_me" time="0.139" /><testcase classname="tests.backend_test" name="test_me_no_token" time="0.044" /><testcase classname="tests.backend_test" name="test_admin_requires_auth[/admin/requests]" time="0.087" /><testcase classname="tests.backend_test" name="test_admin_requires_auth[/admin/orders]" time="0.085" /><testcase classname="tests.test_iteration3.TestPortalOrders" name="test_portal_get_order_only_own" time="0.444" /><testcase classname="tests.backend_test" name="test_admin_requires_auth[/admin/dashboard/summary]" time="0.046" /><testcase classname="tests.backend_test" name="test_admin_requires_auth[/admin/settings]" time="0.047" /><testcase classname="tests.backend_test" name="test_admin_list_requests" time="0.049" /><testcase classname="tests.backend_test" name="test_admin_accept_request_creates_order" time="0.210" /><testcase classname="tests.backend_test" name="test_admin_cannot_accept_declined" time="0.215" /><testcase classname="tests.test_iteration3.TestMessages" name="test_admin_and_client_message_roundtrip" time="0.452"><failure message="assert False&#10; +  where False = all(&lt;generator object TestMessages.test_admin_and_client_message_roundtrip.&lt;locals&gt;.&lt;genexpr&gt; at 0xfec44bca4e10&gt;)">backend/tests/test_iteration3.py:189: in test_admin_and_client_message_roundtrip
    assert all(m["read_by_admin"] for m in msgs if m["from_side"] == "client")
E   assert False
E    +  where False = all(&lt;generator object TestMessages.test_admin_and_client_message_roundtrip.&lt;locals&gt;.&lt;genexpr&gt; at 0xfec44bca4e10&gt;)</failure></testcase><testcase classname="tests.backend_test" name="test_admin_decline_with_reason" time="0.181" /><testcase classname="tests.backend_test" name="test_admin_order_status_transitions" time="0.279" /><testcase classname="tests.test_iteration3.TestMessages" name="test_client_cannot_access_others_order_messages" time="0.431" /><testcase classname="tests.backend_test" name="test_admin_dashboard_summary" time="0.050" /><testcase classname="tests.backend_test" name="test_admin_settings_get_and_patch" time="0.311" /><testcase classname="tests.test_iteration3.TestShowcase" name="test_showcase_prepare" time="0.366" /><testcase classname="tests.test_iteration3.TestPortfolio" name="test_portfolio_crud_and_home_cap" time="14.948" /><testcase classname="tests.test_iteration3.TestShowcase" name="test_showcase_generate_and_publish" time="14.421" /><testcase classname="tests.test_iteration3" name="test_email_triggers_log" time="1.523" /><testcase classname="tests.test_iteration3.TestWatermark" name="test_watermark_preview_returns_png" time="0.281" /></testsuite></testsuites>